[2026-03-04 11:30:01] === 心跳检查开始 ===
[2026-03-04 11:30:01] 今日日记已存在
[2026-03-04 11:30:01] === 心跳检查完成 ===
[2026-03-04 11:30:01] 
[2026-03-04 12:00:00] === 心跳检查开始 ===
[2026-03-04 12:00:00] 今日日记已存在
[2026-03-04 12:00:00] === 心跳检查完成 ===
[2026-03-04 12:00:00] 
[2026-03-04 13:00:01] === 心跳检查开始 ===
[2026-03-04 13:00:01] 今日日记已存在
[2026-03-04 13:00:01] === 心跳检查完成 ===
[2026-03-04 13:00:01] 
[2026-03-04 14:00:00] === 心跳检查开始 ===
[2026-03-04 14:00:00] 今日日记已存在
[2026-03-04 14:00:00] === 心跳检查完成 ===
[2026-03-04 14:00:00] 
[2026-03-04 14:30:00] === 心跳检查开始 ===
[2026-03-04 14:30:00] 今日日记已存在
[2026-03-04 14:30:00] === 心跳检查完成 ===
[2026-03-04 14:30:00] 
[2026-03-04 15:00:01] === 心跳检查开始 ===
[2026-03-04 15:00:01] 今日日记已存在
[2026-03-04 15:00:01] === 心跳检查完成 ===
[2026-03-04 15:00:01] 
[2026-03-04 15:30:00] === 心跳检查开始 ===
[2026-03-04 15:30:00] 今日日记已存在
[2026-03-04 15:30:00] === 心跳检查完成 ===
[2026-03-04 15:30:00] 
[2026-03-04 16:00:01] === 心跳检查开始 ===
[2026-03-04 16:00:01] 今日日记已存在
[2026-03-04 16:00:01] === 心跳检查完成 ===
[2026-03-04 16:00:01] 
[2026-03-04 16:30:00] === 心跳检查开始 ===
[2026-03-04 16:30:00] 今日日记已存在
[2026-03-04 16:30:00] === 心跳检查完成 ===
[2026-03-04 16:30:00] 
[2026-03-04 17:00:00] === 心跳检查开始 ===
[2026-03-04 17:00:00] 今日日记已存在
[2026-03-04 17:00:00] === 心跳检查完成 ===
[2026-03-04 17:00:00] 
[2026-03-04 17:30:00] === 心跳检查开始 ===
[2026-03-04 17:30:00] 今日日记已存在
[2026-03-04 17:30:00] === 心跳检查完成 ===
[2026-03-04 17:30:00] 
[2026-03-04 18:00:01] === 心跳检查开始 ===
[2026-03-04 18:00:01] 今日日记已存在
[2026-03-04 18:00:01] === 心跳检查完成 ===
[2026-03-04 18:00:01] 
[2026-03-04 19:01:27] === 心跳检查开始 ===
[2026-03-04 19:01:27] 今日日记已存在
[2026-03-04 19:01:27] === 心跳检查完成 ===
[2026-03-04 19:01:27] 
[2026-03-04 19:30:00] === 心跳检查开始 ===
[2026-03-04 19:30:00] 今日日记已存在
[2026-03-04 19:30:00] === 心跳检查完成 ===
[2026-03-04 19:30:00] 
[2026-03-04 20:00:01] === 心跳检查开始 ===
[2026-03-04 20:00:01] 今日日记已存在
[2026-03-04 20:00:01] === 心跳检查完成 ===
[2026-03-04 20:00:01] 
[2026-03-04 20:30:00] === 心跳检查开始 ===
[2026-03-04 20:30:00] 今日日记已存在
[2026-03-04 20:30:00] === 心跳检查完成 ===
[2026-03-04 20:30:00] 
[2026-03-04 21:00:00] === 心跳检查开始 ===
[2026-03-04 21:00:00] 今日日记已存在
[2026-03-04 21:00:00] 执行每日任务时间（晚 9 点）
[2026-03-04 21:00:07] 已提交并推送日记到 GitHub
[2026-03-04 21:00:07] === 心跳检查完成 ===
[2026-03-04 21:00:07] 
[2026-03-04 21:30:01] === 心跳检查开始 ===
[2026-03-04 21:30:01] 创建今日日记：/Users/meikai/.openclaw/workspace/xiaobu/日记/2026-03-04.md
[2026-03-04 21:30:01] 执行每日任务时间（晚 9 点）
